Unity Editor version:    2020.3.27f1 (e759542391ea)
Branch:                  2020.3/release
Build type:              Release
Batch mode:              YES
macOS version:           Version 12.2 (Build 21D49)
Darwin version:          21.3.0
Architecture:            x86_64
Running under Rosetta:   NO
Available memory:        16384 MB
Using pre-set license
Pro License: NO

COMMAND LINE ARGUMENTS:
/Applications/Unity/Hub/Editor/2020.3.27f1/Unity.app/Contents/MacOS/Unity
-adb2
-batchMode
-noUpm
-name
AssetImportWorker0
-projectPath
/Users/david/Documents/GitHub/Unity/Tretris
-logFile
Logs/AssetImportWorker0.log
-srvPort
59890
Successfully changed project path to: /Users/david/Documents/GitHub/Unity/Tretris
/Users/david/Documents/GitHub/Unity/Tretris
Using Asset Import Pipeline V2.
Refreshing native plugins compatible for Editor in 34.69 ms, found 2 plugins.
Preloading 0 native plugins for Editor in 0.00 ms.
Initialize engine version: 2020.3.27f1 (e759542391ea)
[Subsystems] Discovering subsystems at path /Applications/Unity/Hub/Editor/2020.3.27f1/Unity.app/Contents/Resources/UnitySubsystems
[Subsystems] Discovering subsystems at path /Users/david/Documents/GitHub/Unity/Tretris/Assets
GfxDevice: creating device client; threaded=0
2022-02-07 10:36:54.754 Unity[29177:1245572] Color LCD preferred device: Intel(R) UHD Graphics 630 (low power)
2022-02-07 10:36:54.754 Unity[29177:1245572] Metal devices available: 2
2022-02-07 10:36:54.754 Unity[29177:1245572] 0: AMD Radeon Pro 5500M (high power)
2022-02-07 10:36:54.754 Unity[29177:1245572] 1: Intel(R) UHD Graphics 630 (low power)
2022-02-07 10:36:54.754 Unity[29177:1245572] Using device AMD Radeon Pro 5500M (high power)
Initializing Metal device caps: AMD Radeon Pro 5500M
Initialize mono
Mono path[0] = '/Applications/Unity/Hub/Editor/2020.3.27f1/Unity.app/Contents/Managed'
Mono path[1] = '/Applications/Unity/Hub/Editor/2020.3.27f1/Unity.app/Contents/MonoBleedingEdge/lib/mono/unityjit'
Mono config path = '/Applications/Unity/Hub/Editor/2020.3.27f1/Unity.app/Contents/MonoBleedingEdge/etc'
Using monoOptions --debugger-agent=transport=dt_socket,embedding=1,server=y,suspend=n,address=127.0.0.1:56177
Begin MonoManager ReloadAssembly
Registering precompiled unity dll's ...
Register platform support module: /Applications/Unity/Hub/Editor/2020.3.27f1/PlaybackEngines/WebGLSupport/UnityEditor.WebGL.Extensions.dll
Register platform support module: /Applications/Unity/Hub/Editor/2020.3.27f1/Unity.app/Contents/PlaybackEngines/MacStandaloneSupport/UnityEditor.OSXStandalone.Extensions.dll
Registered in 0.005206 seconds.
Native extension for OSXStandalone target not found
Native extension for WebGL target not found
Refreshing native plugins compatible for Editor in 25.61 ms, found 2 plugins.
Preloading 0 native plugins for Editor in 0.00 ms.
Mono: successfully reloaded assembly
- Completed reload, in  0.631 seconds
Domain Reload Profiling:
	ReloadAssembly (631ms)
		BeginReloadAssembly (103ms)
			ExecutionOrderSort (0ms)
			DisableScriptedObjects (0ms)
			BackupInstance (0ms)
			ReleaseScriptingObjects (0ms)
			CreateAndSetChildDomain (1ms)
		EndReloadAssembly (455ms)
			LoadAssemblies (105ms)
			RebuildTransferFunctionScriptingTraits (0ms)
			SetupTypeCache (164ms)
			ReleaseScriptCaches (0ms)
			RebuildScriptCaches (33ms)
			SetupLoadedEditorAssemblies (180ms)
				LogAssemblyErrors (0ms)
				InitializePlatformSupportModulesInManaged (5ms)
				SetLoadedEditorAssemblies (0ms)
				RefreshPlugins (26ms)
				BeforeProcessingInitializeOnLoad (30ms)
				ProcessInitializeOnLoadAttributes (92ms)
				ProcessInitializeOnLoadMethodAttributes (27ms)
				AfterProcessingInitializeOnLoad (0ms)
				EditorAssembliesLoaded (0ms)
			ExecutionOrderSort2 (0ms)
			AwakeInstancesAfterBackupRestoration (0ms)
Platform modules already initialized, skipping
Registering precompiled user dll's ...
Registered in 0.007409 seconds.
Begin MonoManager ReloadAssembly
Native extension for OSXStandalone target not found
Native extension for WebGL target not found
Refreshing native plugins compatible for Editor in 0.31 ms, found 2 plugins.
Preloading 0 native plugins for Editor in 0.00 ms.
Mono: successfully reloaded assembly
- Completed reload, in  1.027 seconds
Domain Reload Profiling:
	ReloadAssembly (1028ms)
		BeginReloadAssembly (136ms)
			ExecutionOrderSort (0ms)
			DisableScriptedObjects (4ms)
			BackupInstance (0ms)
			ReleaseScriptingObjects (0ms)
			CreateAndSetChildDomain (22ms)
		EndReloadAssembly (835ms)
			LoadAssemblies (88ms)
			RebuildTransferFunctionScriptingTraits (0ms)
			SetupTypeCache (287ms)
			ReleaseScriptCaches (0ms)
			RebuildScriptCaches (45ms)
			SetupLoadedEditorAssemblies (310ms)
				LogAssemblyErrors (0ms)
				InitializePlatformSupportModulesInManaged (5ms)
				SetLoadedEditorAssemblies (1ms)
				RefreshPlugins (0ms)
				BeforeProcessingInitializeOnLoad (66ms)
				ProcessInitializeOnLoadAttributes (225ms)
				ProcessInitializeOnLoadMethodAttributes (12ms)
				AfterProcessingInitializeOnLoad (1ms)
				EditorAssembliesLoaded (0ms)
			ExecutionOrderSort2 (0ms)
			AwakeInstancesAfterBackupRestoration (7ms)
Platform modules already initialized, skipping
Validating Project structure ... 0.000118 seconds.
Shader import version has changed; will reimport all shaders...
Upgrading shader files ...0.000172 seconds.
Application.AssetDatabase Initial Script Refresh Start
RefreshInfo: InitialScriptRefreshV2(NoUpdateAssetOptions) scanfilter:  ... 1 filters
RefreshProfiler: Total: 0.000ms
Application.AssetDatabase Initial Script Refresh End
Application.AssetDatabase.Refresh Start
Application.AssetDatabase.Refresh End
RefreshInfo: StopAssetImportingV2(ForceSynchronousImport) scanfilter: 
RefreshProfiler: Total: 0.000ms
Launching external process: /Applications/Unity/Hub/Editor/2020.3.27f1/Unity.app/Contents/Tools/UnityShaderCompiler
Launched and connected shader compiler UnityShaderCompiler after 0.01 seconds
Initializing Unity extensions:
2022-02-07 10:36:57.473 Unity[29177:1245572] NSEventModifierFlagFunction specified to -setKeyEquivalentModifierMask: for item <NSMenuItem: 0x600003124460 Font Asset, ke='Command-F12'>, but is only supported for system-provided menu items; will not be used
2022-02-07 10:36:57.477 Unity[29177:1245572] NSEventModifierFlagFunction specified to -setKeyEquivalentModifierMask: for item <NSMenuItem: 0x600003153c60 Font Asset, ke='Command-F12'>, but is only supported for system-provided menu items; will not be used
========================================================================
Worker process is ready to serve import requests
Refreshing native plugins compatible for Editor in 0.21 ms, found 2 plugins.
Preloading 0 native plugins for Editor in 0.00 ms.
Unloading 1504 Unused Serialized files (Serialized files now loaded: 0)
System memory in use before: 177.4 MB.
System memory in use after: 176.6 MB.

Unloading 80 unused Assets to reduce memory usage. Loaded Objects now: 1975.
Total: 3.209386 ms (FindLiveObjects: 0.130788 ms CreateObjectMapping: 0.046019 ms MarkObjects: 2.564056 ms  DeleteObjects: 0.467709 ms)

AssetImportParameters requested are different than current active one (requested -> active):
  custom:video-decoder-ogg-theora: a1e56fd34408186e4bbccfd4996cb3dc -> 
  custom:container-muxer-webm: aa71ff27fc2769a1b78a27578f13a17b -> 
  custom:container-demuxer-webm: 4f35f7cbe854078d1ac9338744f61a02 -> 
  custom:container-demuxer-ogg: 62fdf1f143b41e24485cea50d1cbac27 -> 
  custom:video-encoder-webm-vp8: eb34c28f22e8b96e1ab97ce403110664 -> 
  custom:framework-osx-AVFoundation: e770b220cccbd017edd2c1fefb359320 -> 
  custom:video-decoder-webm-vp8: 9c59270c3fd7afecdb556c50c9e8de78 -> 
  custom:audio-decoder-ogg-vorbis: bf7c407c2cedff20999df2af8eb42d56 -> 
  custom:audio-encoder-webm-vorbis: bf7c407c2cedff20999df2af8eb42d56 -> 
========================================================================
Received Import Request.
  path: Assets/Scenes
  artifactKey: Guid(7716bbfac8a29466889782ee9835cb38) Importer(815301076,1909f56bfc062723c751e8b465ee728b)
Start importing Assets/Scenes using Guid(7716bbfac8a29466889782ee9835cb38) Importer(815301076,1909f56bfc062723c751e8b465ee728b)  -> (artifact id: '187d4a2f0fbd1cbf3752110ff61bc06c') in 0.003715 seconds 
  Import took 0.005839 seconds .

========================================================================
Received Import Request.
  Time since last request: 0.000257 seconds.
  path: Assets/Scenes/SampleScene.unity
  artifactKey: Guid(9fc0d4010bbf28b4594072e72b8655ab) Importer(815301076,1909f56bfc062723c751e8b465ee728b)
Start importing Assets/Scenes/SampleScene.unity using Guid(9fc0d4010bbf28b4594072e72b8655ab) Importer(815301076,1909f56bfc062723c751e8b465ee728b)  -> (artifact id: '85059f4f9e1a832ed95adaa0d25c5c4c') in 0.007741 seconds 
  Import took 0.009270 seconds .

========================================================================
Received Import Request.
  Time since last request: 8.801373 seconds.
  path: Assets/Scenes/Game.unity
  artifactKey: Guid(07a6c55cfa4724c58a4528860c975f3a) Importer(815301076,1909f56bfc062723c751e8b465ee728b)
Start importing Assets/Scenes/Game.unity using Guid(07a6c55cfa4724c58a4528860c975f3a) Importer(815301076,1909f56bfc062723c751e8b465ee728b)  -> (artifact id: 'fbfc81a0e84a98b02afc10069dec3802') in 0.003219 seconds 
  Import took 0.006379 seconds .

========================================================================
Received Import Request.
  Time since last request: 225.689256 seconds.
  path: Assets
  artifactKey: Guid(00000000000000001000000000000000) Importer(815301076,1909f56bfc062723c751e8b465ee728b)
Start importing Assets using Guid(00000000000000001000000000000000) Importer(815301076,1909f56bfc062723c751e8b465ee728b)  -> (artifact id: '42d402b061de3733987d63b9cc3b64de') in 0.000928 seconds 
  Import took 0.003408 seconds .

========================================================================
Received Import Request.
  Time since last request: 6.326161 seconds.
  path: Assets/Materials
  artifactKey: Guid(e92175bac0669462b9e9ec4181dfbd4a) Importer(815301076,1909f56bfc062723c751e8b465ee728b)
Start importing Assets/Materials using Guid(e92175bac0669462b9e9ec4181dfbd4a) Importer(815301076,1909f56bfc062723c751e8b465ee728b)  -> (artifact id: '46f334333040703b73cb8380098da974') in 0.001720 seconds 
  Import took 0.004880 seconds .

========================================================================
Received Import Request.
  Time since last request: 10.241281 seconds.
  path: Assets/Scripts
  artifactKey: Guid(bd37e05e21e1949e6ab659588b7f4404) Importer(815301076,1909f56bfc062723c751e8b465ee728b)
Start importing Assets/Scripts using Guid(bd37e05e21e1949e6ab659588b7f4404) Importer(815301076,1909f56bfc062723c751e8b465ee728b)  -> (artifact id: '3a9b0e1b4e74f74ea720a7c2ac46b117') in 0.001734 seconds 
  Import took 0.004555 seconds .

========================================================================
Received Prepare
Registering precompiled user dll's ...
Registered in 0.008549 seconds.
Begin MonoManager ReloadAssembly
Native extension for OSXStandalone target not found
Native extension for WebGL target not found
Refreshing native plugins compatible for Editor in 0.28 ms, found 2 plugins.
Preloading 0 native plugins for Editor in 0.00 ms.
2022-02-07 11:04:51.338 Unity[29177:1245572] NSEventModifierFlagFunction specified to -setKeyEquivalentModifierMask: for item <NSMenuItem: 0x600003153480 Font Asset, ke='Command-F12'>, but is only supported for system-provided menu items; will not be used
Mono: successfully reloaded assembly
- Completed reload, in  1.100 seconds
Domain Reload Profiling:
	ReloadAssembly (1100ms)
		BeginReloadAssembly (157ms)
			ExecutionOrderSort (0ms)
			DisableScriptedObjects (4ms)
			BackupInstance (0ms)
			ReleaseScriptingObjects (0ms)
			CreateAndSetChildDomain (41ms)
		EndReloadAssembly (889ms)
			LoadAssemblies (141ms)
			RebuildTransferFunctionScriptingTraits (0ms)
			SetupTypeCache (323ms)
			ReleaseScriptCaches (1ms)
			RebuildScriptCaches (49ms)
			SetupLoadedEditorAssemblies (309ms)
				LogAssemblyErrors (0ms)
				InitializePlatformSupportModulesInManaged (5ms)
				SetLoadedEditorAssemblies (0ms)
				RefreshPlugins (0ms)
				BeforeProcessingInitializeOnLoad (108ms)
				ProcessInitializeOnLoadAttributes (183ms)
				ProcessInitializeOnLoadMethodAttributes (11ms)
				AfterProcessingInitializeOnLoad (1ms)
				EditorAssembliesLoaded (0ms)
			ExecutionOrderSort2 (0ms)
			AwakeInstancesAfterBackupRestoration (7ms)
Platform modules already initialized, skipping
Refreshing native plugins compatible for Editor in 0.28 ms, found 2 plugins.
Preloading 0 native plugins for Editor in 0.00 ms.
Unloading 1497 Unused Serialized files (Serialized files now loaded: 0)
System memory in use before: 177.9 MB.
System memory in use after: 178.0 MB.

Unloading 15 unused Assets to reduce memory usage. Loaded Objects now: 1978.
Total: 2.516210 ms (FindLiveObjects: 0.113229 ms CreateObjectMapping: 0.042191 ms MarkObjects: 2.347786 ms  DeleteObjects: 0.012252 ms)

AssetImportParameters requested are different than current active one (requested -> active):
  custom:video-decoder-ogg-theora: a1e56fd34408186e4bbccfd4996cb3dc -> 
  custom:container-muxer-webm: aa71ff27fc2769a1b78a27578f13a17b -> 
  custom:container-demuxer-webm: 4f35f7cbe854078d1ac9338744f61a02 -> 
  custom:container-demuxer-ogg: 62fdf1f143b41e24485cea50d1cbac27 -> 
  custom:video-encoder-webm-vp8: eb34c28f22e8b96e1ab97ce403110664 -> 
  custom:framework-osx-AVFoundation: e770b220cccbd017edd2c1fefb359320 -> 
  custom:video-decoder-webm-vp8: 9c59270c3fd7afecdb556c50c9e8de78 -> 
  custom:audio-decoder-ogg-vorbis: bf7c407c2cedff20999df2af8eb42d56 -> 
  custom:audio-encoder-webm-vorbis: bf7c407c2cedff20999df2af8eb42d56 -> 
========================================================================
Received Import Request.
  Time since last request: 1650.319156 seconds.
  path: Assets/Materials 1
  artifactKey: Guid(ce608396874c04618afa4c13a6984a90) Importer(815301076,1909f56bfc062723c751e8b465ee728b)
Start importing Assets/Materials 1 using Guid(ce608396874c04618afa4c13a6984a90) Importer(815301076,1909f56bfc062723c751e8b465ee728b)  -> (artifact id: '5fc59127b8766f433724096fdd252eb0') in 0.006034 seconds 
  Import took 0.008930 seconds .

========================================================================
Received Import Request.
  Time since last request: 359.718962 seconds.
  path: Assets/Prefabs
  artifactKey: Guid(927a0986b5749495db4db94c11df5f19) Importer(815301076,1909f56bfc062723c751e8b465ee728b)
Start importing Assets/Prefabs using Guid(927a0986b5749495db4db94c11df5f19) Importer(815301076,1909f56bfc062723c751e8b465ee728b)  -> (artifact id: 'b26ca0d9dd9b16d5893447f2ed9c3ebe') in 0.002665 seconds 
  Import took 0.005538 seconds .

========================================================================
Received Import Request.
  Time since last request: 4.291053 seconds.
  path: Assets/Prefabs/Bar.prefab
  artifactKey: Guid(2742f0a9986574df99f4e6948a7edb31) Importer(815301076,1909f56bfc062723c751e8b465ee728b)
Start importing Assets/Prefabs/Bar.prefab using Guid(2742f0a9986574df99f4e6948a7edb31) Importer(815301076,1909f56bfc062723c751e8b465ee728b)  -> (artifact id: 'ec648c99785c6394317aa60b96ccfc0a') in 0.177989 seconds 
  Import took 0.183316 seconds .

========================================================================
Received Import Request.
  Time since last request: 242.057237 seconds.
  path: Assets/Prefabs/Block.prefab
  artifactKey: Guid(a22548f7e42604b0da7d545e2c811169) Importer(815301076,1909f56bfc062723c751e8b465ee728b)
Start importing Assets/Prefabs/Block.prefab using Guid(a22548f7e42604b0da7d545e2c811169) Importer(815301076,1909f56bfc062723c751e8b465ee728b)  -> (artifact id: '7670c5d991571d4d46d02741707c1f30') in 0.015862 seconds 
  Import took 0.018539 seconds .

========================================================================
Received Import Request.
  Time since last request: 107.752911 seconds.
  path: Assets/Prefabs/S.prefab
  artifactKey: Guid(d6932548cf531462d9ff5610414bca92) Importer(815301076,1909f56bfc062723c751e8b465ee728b)
Start importing Assets/Prefabs/S.prefab using Guid(d6932548cf531462d9ff5610414bca92) Importer(815301076,1909f56bfc062723c751e8b465ee728b)  -> (artifact id: '7157291ed736204ca103876acd2eda69') in 0.015548 seconds 
  Import took 0.018479 seconds .

========================================================================
Received Import Request.
  Time since last request: 1235.519243 seconds.
  path: Assets/Prefabs/S.prefab
  artifactKey: Guid(d6932548cf531462d9ff5610414bca92) Importer(815301076,1909f56bfc062723c751e8b465ee728b)
Start importing Assets/Prefabs/S.prefab using Guid(d6932548cf531462d9ff5610414bca92) Importer(815301076,1909f56bfc062723c751e8b465ee728b)  -> (artifact id: 'fe59167b48c5e119225559cea195fa29') in 0.019853 seconds 
  Import took 0.022661 seconds .

========================================================================
Received Import Request.
  Time since last request: 1.975610 seconds.
  path: Assets/Prefabs/Block.prefab
  artifactKey: Guid(a22548f7e42604b0da7d545e2c811169) Importer(815301076,1909f56bfc062723c751e8b465ee728b)
Start importing Assets/Prefabs/Block.prefab using Guid(a22548f7e42604b0da7d545e2c811169) Importer(815301076,1909f56bfc062723c751e8b465ee728b)  -> (artifact id: 'c646be36eec83d03d4aec1ed8d7952ca') in 0.015127 seconds 
  Import took 0.018011 seconds .

========================================================================
Received Import Request.
  Time since last request: 0.574965 seconds.
  path: Assets/Prefabs/Bar.prefab
  artifactKey: Guid(2742f0a9986574df99f4e6948a7edb31) Importer(815301076,1909f56bfc062723c751e8b465ee728b)
Start importing Assets/Prefabs/Bar.prefab using Guid(2742f0a9986574df99f4e6948a7edb31) Importer(815301076,1909f56bfc062723c751e8b465ee728b)  -> (artifact id: '3e8eea8b2519b2ab5cd6e79fdb29a7fd') in 0.018843 seconds 
  Import took 0.021701 seconds .

========================================================================
Received Import Request.
  Time since last request: 9.780323 seconds.
  path: Assets/Prefabs/S 1.prefab
  artifactKey: Guid(d485bfd2c3c7e4f0dac4ef8de6eae894) Importer(815301076,1909f56bfc062723c751e8b465ee728b)
Start importing Assets/Prefabs/S 1.prefab using Guid(d485bfd2c3c7e4f0dac4ef8de6eae894) Importer(815301076,1909f56bfc062723c751e8b465ee728b)  -> (artifact id: '99f77fa3cb946c34dcf87e7eb85a70b9') in 0.012566 seconds 
  Import took 0.016311 seconds .

========================================================================
Received Import Request.
  Time since last request: 9.740479 seconds.
  path: Assets/Prefabs/S.prefab
  artifactKey: Guid(d485bfd2c3c7e4f0dac4ef8de6eae894) Importer(815301076,1909f56bfc062723c751e8b465ee728b)
Start importing Assets/Prefabs/S.prefab using Guid(d485bfd2c3c7e4f0dac4ef8de6eae894) Importer(815301076,1909f56bfc062723c751e8b465ee728b)  -> (artifact id: 'b7d730dce6c116666bfca564ab6a374e') in 0.011125 seconds 
  Import took 0.013831 seconds .

========================================================================
Received Import Request.
  Time since last request: 14.611394 seconds.
  path: Assets/Prefabs/RevS.prefab
  artifactKey: Guid(e98a53657b4244cc88c0a1a94a935452) Importer(815301076,1909f56bfc062723c751e8b465ee728b)
Start importing Assets/Prefabs/RevS.prefab using Guid(e98a53657b4244cc88c0a1a94a935452) Importer(815301076,1909f56bfc062723c751e8b465ee728b)  -> (artifact id: 'a12df714a23b340c54fb047332866f02') in 0.012106 seconds 
  Import took 0.014620 seconds .

========================================================================
Received Import Request.
  Time since last request: 53.316605 seconds.
  path: Assets/Prefabs/T.prefab
  artifactKey: Guid(43d5e430aef394b89b124a9ee52ea443) Importer(815301076,1909f56bfc062723c751e8b465ee728b)
Start importing Assets/Prefabs/T.prefab using Guid(43d5e430aef394b89b124a9ee52ea443) Importer(815301076,1909f56bfc062723c751e8b465ee728b)  -> (artifact id: '5d4fc70b76c984e01e45b3c693a0d3d3') in 0.011605 seconds 
  Import took 0.014035 seconds .

========================================================================
Received Import Request.
  Time since last request: 166.506749 seconds.
  path: Assets/Prefabs/T 1.prefab
  artifactKey: Guid(551176e70e2634cfda9400b1d335d2c4) Importer(815301076,1909f56bfc062723c751e8b465ee728b)
Start importing Assets/Prefabs/T 1.prefab using Guid(551176e70e2634cfda9400b1d335d2c4) Importer(815301076,1909f56bfc062723c751e8b465ee728b)  -> (artifact id: 'e03ee2d511a75f681a560bd1a590073f') in 0.014933 seconds 
  Import took 0.018058 seconds .

========================================================================
Received Import Request.
  Time since last request: 1.620450 seconds.
  path: Assets/Prefabs/T.prefab
  artifactKey: Guid(43d5e430aef394b89b124a9ee52ea443) Importer(815301076,1909f56bfc062723c751e8b465ee728b)
Start importing Assets/Prefabs/T.prefab using Guid(43d5e430aef394b89b124a9ee52ea443) Importer(815301076,1909f56bfc062723c751e8b465ee728b)  -> (artifact id: '7650c8ea15166d3e174ca1d18dc1d5d0') in 0.019124 seconds 
  Import took 0.021794 seconds .

========================================================================
Received Import Request.
  Time since last request: 120.272247 seconds.
  path: Assets/Prefabs/L.prefab
  artifactKey: Guid(c8053e6846bc342daa165185abf3b9cd) Importer(815301076,1909f56bfc062723c751e8b465ee728b)
Start importing Assets/Prefabs/L.prefab using Guid(c8053e6846bc342daa165185abf3b9cd) Importer(815301076,1909f56bfc062723c751e8b465ee728b)  -> (artifact id: '2b85fd8bd769318e989636bd6476ca8c') in 0.015482 seconds 
  Import took 0.018632 seconds .

========================================================================
Received Import Request.
  Time since last request: 58.090214 seconds.
  path: Assets/Prefabs/RevL.prefab
  artifactKey: Guid(b289cad57a119412d819f51a142610e9) Importer(815301076,1909f56bfc062723c751e8b465ee728b)
Start importing Assets/Prefabs/RevL.prefab using Guid(b289cad57a119412d819f51a142610e9) Importer(815301076,1909f56bfc062723c751e8b465ee728b)  -> (artifact id: '2081abab483180d0f4d8fcda4154b8ba') in 0.014498 seconds 
  Import took 0.017762 seconds .

